<?xml version="1.0" encoding="UTF-8"?>
<!-- Generated by org.testng.reporters.JUnitXMLReporter -->
<testsuite ignored="0" hostname="LAPTOP-UQOLB7HM" failures="0" tests="3" name="Default test" time="30.427" errors="0" timestamp="2024-06-12T20:55:30 IST">
  <testcase classname="assignment.test.HomePageTest" name="verifyTitle" time="0.048"/>
  <testcase classname="assignment.test.HomePageTest" name="verifyUrl" time="0.626"/>
  <testcase classname="assignment.test.HomePageTest" name="verifySort" time="4.409"/>
</testsuite> <!-- Default test -->
