<?xml version="1.0" encoding="UTF-8"?>
<!-- Generated by org.testng.reporters.JUnitXMLReporter -->
<testsuite ignored="0" hostname="LAPTOP-UQOLB7HM" failures="0" tests="13" name="Test" time="119.993" errors="0" timestamp="2024-06-12T21:02:53 IST">
  <testcase classname="assignment.test.LoginPageTest" name="verifyInLogo" time="0.151"/>
  <testcase classname="assignment.test.LoginPageTest" name="verifyTwitterLogo" time="0.078"/>
  <testcase classname="assignment.test.LoginPageTest" name="verifyfbLogo" time="0.069"/>
  <testcase classname="assignment.test.LoginPageTest" name="verifyLogo" time="0.11"/>
  <testcase classname="assignment.test.LoginPageTest" name="verifyUrl" time="0.03"/>
  <testcase classname="assignment.test.LoginPageTest" name="verifyTitle" time="0.024"/>
  <testcase classname="assignment.test.LoginPageTest" name="verifyLoginWithCredentials" time="0.795"/>
  <testcase classname="assignment.test.LoginPageTest" name="invalidLoginTestWithOutUserName" time="0.585"/>
  <testcase classname="assignment.test.LoginPageTest" name="invalidLoginTestWithoutPassword" time="0.691"/>
  <testcase classname="assignment.test.LoginPageTest" name="invalidLoginTestWithoutCredentials" time="0.641"/>
  <testcase classname="assignment.test.HomePageTest" name="verifyTitle" time="0.011"/>
  <testcase classname="assignment.test.HomePageTest" name="verifyUrl" time="0.865"/>
  <testcase classname="assignment.test.HomePageTest" name="verifySort" time="4.407"/>
</testsuite> <!-- Test -->
