<?xml version="1.0" encoding="UTF-8"?>
<testng-results ignored="0" total="13" passed="13" failed="0" skipped="0">
  <reporter-output>
  </reporter-output>
  <suite started-at="2024-06-12T21:00:52 IST" name="Suite" finished-at="2024-06-12T21:02:52 IST" duration-ms="119993">
    <groups>
    </groups>
    <test started-at="2024-06-12T21:00:52 IST" name="Test" finished-at="2024-06-12T21:02:52 IST" duration-ms="119993">
      <class name="assignment.test.LoginPageTest">
        <test-method is-config="true" signature="setUpReport()[pri:0, instance:assignment.test.LoginPageTest@7d900ecf]" started-at="2024-06-12T21:00:52 IST" name="setUpReport" finished-at="2024-06-12T21:00:52 IST" duration-ms="3" status="PASS">
          <reporter-output>
          </reporter-output>
        </test-method> <!-- setUpReport -->
        <test-method is-config="true" signature="launch()[pri:0, instance:assignment.test.LoginPageTest@7d900ecf]" started-at="2024-06-12T21:00:53 IST" name="launch" finished-at="2024-06-12T21:01:00 IST" duration-ms="7446" status="PASS">
          <reporter-output>
          </reporter-output>
        </test-method> <!-- launch -->
        <test-method signature="verifyInLogo()[pri:0, instance:assignment.test.LoginPageTest@7d900ecf]" started-at="2024-06-12T21:01:00 IST" name="verifyInLogo" finished-at="2024-06-12T21:01:00 IST" duration-ms="151" status="PASS">
          <reporter-output>
          </reporter-output>
        </test-method> <!-- verifyInLogo -->
        <test-method is-config="true" signature="tearDown()[pri:0, instance:assignment.test.LoginPageTest@7d900ecf]" started-at="2024-06-12T21:01:00 IST" name="tearDown" finished-at="2024-06-12T21:01:02 IST" duration-ms="1849" status="PASS">
          <reporter-output>
          </reporter-output>
        </test-method> <!-- tearDown -->
        <test-method is-config="true" signature="launch()[pri:0, instance:assignment.test.LoginPageTest@7d900ecf]" started-at="2024-06-12T21:01:02 IST" name="launch" finished-at="2024-06-12T21:01:08 IST" duration-ms="5951" status="PASS">
          <reporter-output>
          </reporter-output>
        </test-method> <!-- launch -->
        <test-method signature="verifyTwitterLogo()[pri:0, instance:assignment.test.LoginPageTest@7d900ecf]" started-at="2024-06-12T21:01:08 IST" name="verifyTwitterLogo" finished-at="2024-06-12T21:01:08 IST" duration-ms="78" status="PASS">
          <reporter-output>
          </reporter-output>
        </test-method> <!-- verifyTwitterLogo -->
        <test-method is-config="true" signature="tearDown()[pri:0, instance:assignment.test.LoginPageTest@7d900ecf]" started-at="2024-06-12T21:01:08 IST" name="tearDown" finished-at="2024-06-12T21:01:10 IST" duration-ms="1916" status="PASS">
          <reporter-output>
          </reporter-output>
        </test-method> <!-- tearDown -->
        <test-method is-config="true" signature="launch()[pri:0, instance:assignment.test.LoginPageTest@7d900ecf]" started-at="2024-06-12T21:01:10 IST" name="launch" finished-at="2024-06-12T21:01:16 IST" duration-ms="6069" status="PASS">
          <reporter-output>
          </reporter-output>
        </test-method> <!-- launch -->
        <test-method signature="verifyfbLogo()[pri:0, instance:assignment.test.LoginPageTest@7d900ecf]" started-at="2024-06-12T21:01:16 IST" name="verifyfbLogo" finished-at="2024-06-12T21:01:16 IST" duration-ms="69" status="PASS">
          <reporter-output>
          </reporter-output>
        </test-method> <!-- verifyfbLogo -->
        <test-method is-config="true" signature="tearDown()[pri:0, instance:assignment.test.LoginPageTest@7d900ecf]" started-at="2024-06-12T21:01:16 IST" name="tearDown" finished-at="2024-06-12T21:01:18 IST" duration-ms="1916" status="PASS">
          <reporter-output>
          </reporter-output>
        </test-method> <!-- tearDown -->
        <test-method is-config="true" signature="launch()[pri:0, instance:assignment.test.LoginPageTest@7d900ecf]" started-at="2024-06-12T21:01:18 IST" name="launch" finished-at="2024-06-12T21:01:25 IST" duration-ms="6706" status="PASS">
          <reporter-output>
          </reporter-output>
        </test-method> <!-- launch -->
        <test-method signature="verifyLogo()[pri:1, instance:assignment.test.LoginPageTest@7d900ecf]" started-at="2024-06-12T21:01:25 IST" name="verifyLogo" finished-at="2024-06-12T21:01:25 IST" duration-ms="110" status="PASS">
          <reporter-output>
          </reporter-output>
        </test-method> <!-- verifyLogo -->
        <test-method is-config="true" signature="tearDown()[pri:0, instance:assignment.test.LoginPageTest@7d900ecf]" started-at="2024-06-12T21:01:25 IST" name="tearDown" finished-at="2024-06-12T21:01:27 IST" duration-ms="1823" status="PASS">
          <reporter-output>
          </reporter-output>
        </test-method> <!-- tearDown -->
        <test-method is-config="true" signature="launch()[pri:0, instance:assignment.test.LoginPageTest@7d900ecf]" started-at="2024-06-12T21:01:27 IST" name="launch" finished-at="2024-06-12T21:01:33 IST" duration-ms="6666" status="PASS">
          <reporter-output>
          </reporter-output>
        </test-method> <!-- launch -->
        <test-method signature="verifyUrl()[pri:2, instance:assignment.test.LoginPageTest@7d900ecf]" started-at="2024-06-12T21:01:33 IST" name="verifyUrl" finished-at="2024-06-12T21:01:33 IST" duration-ms="30" status="PASS">
          <reporter-output>
          </reporter-output>
        </test-method> <!-- verifyUrl -->
        <test-method is-config="true" signature="tearDown()[pri:0, instance:assignment.test.LoginPageTest@7d900ecf]" started-at="2024-06-12T21:01:33 IST" name="tearDown" finished-at="2024-06-12T21:01:36 IST" duration-ms="2164" status="PASS">
          <reporter-output>
          </reporter-output>
        </test-method> <!-- tearDown -->
        <test-method is-config="true" signature="launch()[pri:0, instance:assignment.test.LoginPageTest@7d900ecf]" started-at="2024-06-12T21:01:36 IST" name="launch" finished-at="2024-06-12T21:01:42 IST" duration-ms="6897" status="PASS">
          <reporter-output>
          </reporter-output>
        </test-method> <!-- launch -->
        <test-method signature="verifyTitle()[pri:3, instance:assignment.test.LoginPageTest@7d900ecf]" started-at="2024-06-12T21:01:42 IST" name="verifyTitle" finished-at="2024-06-12T21:01:42 IST" duration-ms="24" status="PASS">
          <reporter-output>
          </reporter-output>
        </test-method> <!-- verifyTitle -->
        <test-method is-config="true" signature="tearDown()[pri:0, instance:assignment.test.LoginPageTest@7d900ecf]" started-at="2024-06-12T21:01:42 IST" name="tearDown" finished-at="2024-06-12T21:01:44 IST" duration-ms="1883" status="PASS">
          <reporter-output>
          </reporter-output>
        </test-method> <!-- tearDown -->
        <test-method is-config="true" signature="launch()[pri:0, instance:assignment.test.LoginPageTest@7d900ecf]" started-at="2024-06-12T21:01:44 IST" name="launch" finished-at="2024-06-12T21:01:51 IST" duration-ms="6309" status="PASS">
          <reporter-output>
          </reporter-output>
        </test-method> <!-- launch -->
        <test-method signature="verifyLoginWithCredentials()[pri:5, instance:assignment.test.LoginPageTest@7d900ecf]" started-at="2024-06-12T21:01:51 IST" name="verifyLoginWithCredentials" finished-at="2024-06-12T21:01:51 IST" duration-ms="795" status="PASS">
          <reporter-output>
          </reporter-output>
        </test-method> <!-- verifyLoginWithCredentials -->
        <test-method is-config="true" signature="tearDown()[pri:0, instance:assignment.test.LoginPageTest@7d900ecf]" started-at="2024-06-12T21:01:51 IST" name="tearDown" finished-at="2024-06-12T21:01:54 IST" duration-ms="2392" status="PASS">
          <reporter-output>
          </reporter-output>
        </test-method> <!-- tearDown -->
        <test-method is-config="true" signature="launch()[pri:0, instance:assignment.test.LoginPageTest@7d900ecf]" started-at="2024-06-12T21:01:54 IST" name="launch" finished-at="2024-06-12T21:02:00 IST" duration-ms="6596" status="PASS">
          <reporter-output>
          </reporter-output>
        </test-method> <!-- launch -->
        <test-method signature="invalidLoginTestWithOutUserName()[pri:6, instance:assignment.test.LoginPageTest@7d900ecf]" started-at="2024-06-12T21:02:00 IST" name="invalidLoginTestWithOutUserName" finished-at="2024-06-12T21:02:01 IST" duration-ms="585" status="PASS">
          <reporter-output>
          </reporter-output>
        </test-method> <!-- invalidLoginTestWithOutUserName -->
        <test-method is-config="true" signature="tearDown()[pri:0, instance:assignment.test.LoginPageTest@7d900ecf]" started-at="2024-06-12T21:02:01 IST" name="tearDown" finished-at="2024-06-12T21:02:03 IST" duration-ms="2059" status="PASS">
          <reporter-output>
          </reporter-output>
        </test-method> <!-- tearDown -->
        <test-method is-config="true" signature="launch()[pri:0, instance:assignment.test.LoginPageTest@7d900ecf]" started-at="2024-06-12T21:02:03 IST" name="launch" finished-at="2024-06-12T21:02:10 IST" duration-ms="6669" status="PASS">
          <reporter-output>
          </reporter-output>
        </test-method> <!-- launch -->
        <test-method signature="invalidLoginTestWithoutPassword()[pri:7, instance:assignment.test.LoginPageTest@7d900ecf]" started-at="2024-06-12T21:02:10 IST" name="invalidLoginTestWithoutPassword" finished-at="2024-06-12T21:02:10 IST" duration-ms="691" status="PASS">
          <reporter-output>
          </reporter-output>
        </test-method> <!-- invalidLoginTestWithoutPassword -->
        <test-method is-config="true" signature="tearDown()[pri:0, instance:assignment.test.LoginPageTest@7d900ecf]" started-at="2024-06-12T21:02:10 IST" name="tearDown" finished-at="2024-06-12T21:02:12 IST" duration-ms="1783" status="PASS">
          <reporter-output>
          </reporter-output>
        </test-method> <!-- tearDown -->
        <test-method is-config="true" signature="launch()[pri:0, instance:assignment.test.LoginPageTest@7d900ecf]" started-at="2024-06-12T21:02:12 IST" name="launch" finished-at="2024-06-12T21:02:19 IST" duration-ms="7012" status="PASS">
          <reporter-output>
          </reporter-output>
        </test-method> <!-- launch -->
        <test-method signature="invalidLoginTestWithoutCredentials()[pri:8, instance:assignment.test.LoginPageTest@7d900ecf]" started-at="2024-06-12T21:02:19 IST" name="invalidLoginTestWithoutCredentials" finished-at="2024-06-12T21:02:20 IST" duration-ms="641" status="PASS">
          <reporter-output>
          </reporter-output>
        </test-method> <!-- invalidLoginTestWithoutCredentials -->
        <test-method is-config="true" signature="tearDown()[pri:0, instance:assignment.test.LoginPageTest@7d900ecf]" started-at="2024-06-12T21:02:20 IST" name="tearDown" finished-at="2024-06-12T21:02:22 IST" duration-ms="1660" status="PASS">
          <reporter-output>
          </reporter-output>
        </test-method> <!-- tearDown -->
        <test-method is-config="true" signature="tearDownReport()[pri:0, instance:assignment.test.LoginPageTest@7d900ecf]" started-at="2024-06-12T21:02:53 IST" name="tearDownReport" finished-at="2024-06-12T21:02:53 IST" duration-ms="125" status="PASS">
          <reporter-output>
          </reporter-output>
        </test-method> <!-- tearDownReport -->
      </class> <!-- assignment.test.LoginPageTest -->
      <class name="assignment.test.HomePageTest">
        <test-method is-config="true" signature="setUpReport()[pri:0, instance:assignment.test.HomePageTest@6cb107fd]" started-at="2024-06-12T21:00:52 IST" name="setUpReport" finished-at="2024-06-12T21:00:52 IST" duration-ms="291" status="PASS">
          <reporter-output>
          </reporter-output>
        </test-method> <!-- setUpReport -->
        <test-method is-config="true" signature="launch()[pri:0, instance:assignment.test.HomePageTest@6cb107fd]" started-at="2024-06-12T21:02:22 IST" name="launch" finished-at="2024-06-12T21:02:28 IST" duration-ms="6560" status="PASS">
          <reporter-output>
          </reporter-output>
        </test-method> <!-- launch -->
        <test-method signature="verifyTitle()[pri:1, instance:assignment.test.HomePageTest@6cb107fd]" started-at="2024-06-12T21:02:28 IST" name="verifyTitle" finished-at="2024-06-12T21:02:28 IST" duration-ms="11" status="PASS">
          <reporter-output>
          </reporter-output>
        </test-method> <!-- verifyTitle -->
        <test-method is-config="true" signature="tearDown()[pri:0, instance:assignment.test.HomePageTest@6cb107fd]" started-at="2024-06-12T21:02:28 IST" name="tearDown" finished-at="2024-06-12T21:02:30 IST" duration-ms="1966" status="PASS">
          <reporter-output>
          </reporter-output>
        </test-method> <!-- tearDown -->
        <test-method is-config="true" signature="launch()[pri:0, instance:assignment.test.HomePageTest@6cb107fd]" started-at="2024-06-12T21:02:30 IST" name="launch" finished-at="2024-06-12T21:02:37 IST" duration-ms="6556" status="PASS">
          <reporter-output>
          </reporter-output>
        </test-method> <!-- launch -->
        <test-method signature="verifyUrl()[pri:2, instance:assignment.test.HomePageTest@6cb107fd]" started-at="2024-06-12T21:02:37 IST" name="verifyUrl" finished-at="2024-06-12T21:02:37 IST" duration-ms="865" status="PASS">
          <reporter-output>
          </reporter-output>
        </test-method> <!-- verifyUrl -->
        <test-method is-config="true" signature="tearDown()[pri:0, instance:assignment.test.HomePageTest@6cb107fd]" started-at="2024-06-12T21:02:37 IST" name="tearDown" finished-at="2024-06-12T21:02:40 IST" duration-ms="2101" status="PASS">
          <reporter-output>
          </reporter-output>
        </test-method> <!-- tearDown -->
        <test-method is-config="true" signature="launch()[pri:0, instance:assignment.test.HomePageTest@6cb107fd]" started-at="2024-06-12T21:02:40 IST" name="launch" finished-at="2024-06-12T21:02:46 IST" duration-ms="6843" status="PASS">
          <reporter-output>
          </reporter-output>
        </test-method> <!-- launch -->
        <test-method signature="verifySort()[pri:3, instance:assignment.test.HomePageTest@6cb107fd]" started-at="2024-06-12T21:02:46 IST" name="verifySort" finished-at="2024-06-12T21:02:51 IST" duration-ms="4407" status="PASS">
          <reporter-output>
          </reporter-output>
        </test-method> <!-- verifySort -->
        <test-method is-config="true" signature="tearDown()[pri:0, instance:assignment.test.HomePageTest@6cb107fd]" started-at="2024-06-12T21:02:51 IST" name="tearDown" finished-at="2024-06-12T21:02:52 IST" duration-ms="1647" status="PASS">
          <reporter-output>
          </reporter-output>
        </test-method> <!-- tearDown -->
        <test-method is-config="true" signature="tearDownReport()[pri:0, instance:assignment.test.HomePageTest@6cb107fd]" started-at="2024-06-12T21:02:53 IST" name="tearDownReport" finished-at="2024-06-12T21:02:53 IST" duration-ms="547" status="PASS">
          <reporter-output>
          </reporter-output>
        </test-method> <!-- tearDownReport -->
      </class> <!-- assignment.test.HomePageTest -->
    </test> <!-- Test -->
  </suite> <!-- Suite -->
</testng-results>
